<?xml version="1.0" encoding="UTF-8"?>
<!-- Generated by org.testng.reporters.JUnitReportReporter -->
<testsuite skipped="0" hostname="HMECL004751" name="com.api.test.users.Users" tests="2" failures="0" timestamp="2023-06-26T15:01:42 IST" time="12.173" errors="0">
  <testcase name="getUser" time="6.087" classname="com.api.test.users.Users"/>
  <system-out/>
  <testcase name="addNewUser" time="6.086" classname="com.api.test.users.Users"/>
  <system-out/>
</testsuite> <!-- com.api.test.users.Users -->
